0 info it worked if it ends with ok
1 verbose cli [ '/Users/ousakai/.nvm/versions/node/v7.2.0/bin/node',
1 verbose cli   '/Users/ousakai/.nvm/versions/node/v7.2.0/bin/npm',
1 verbose cli   'run',
1 verbose cli   'test' ]
2 info using npm@4.0.5
3 info using node@v7.2.0
4 verbose run-script [ 'pretest', 'test', 'posttest' ]
5 info lifecycle koa2-file-upload@0.1.17~pretest: koa2-file-upload@0.1.17
6 silly lifecycle koa2-file-upload@0.1.17~pretest: no script for pretest, continuing
7 info lifecycle koa2-file-upload@0.1.17~test: koa2-file-upload@0.1.17
8 verbose lifecycle koa2-file-upload@0.1.17~test: unsafe-perm in lifecycle true
9 verbose lifecycle koa2-file-upload@0.1.17~test: PATH: /Users/ousakai/.nvm/versions/node/v7.2.0/lib/node_modules/npm/bin/node-gyp-bin:/Users/ousakai/Develop/file-upload/node_modules/.bin:/Users/ousakai/program/maven/bin:/Users/ousakai/develop/go-workspace/bin:/Users/ousakai/.nvm/versions/node/v7.2.0/bin:/Users/ousakai/.rvm/gems/ruby-2.2.1/bin:/Users/ousakai/.rvm/gems/ruby-2.2.1@global/bin:/Users/ousakai/.rvm/rubies/ruby-2.2.1/bin:/usr/local/bin:/usr/bin:/bin:/usr/sbin:/sbin:/Users/ousakai/.rvm/bin
10 verbose lifecycle koa2-file-upload@0.1.17~test: CWD: /Users/ousakai/Develop/file-upload
11 silly lifecycle koa2-file-upload@0.1.17~test: Args: [ '-c', 'babel-node test.js' ]
12 silly lifecycle koa2-file-upload@0.1.17~test: Returned: code: 1  signal: null
13 info lifecycle koa2-file-upload@0.1.17~test: Failed to exec test script
14 verbose stack Error: koa2-file-upload@0.1.17 test: `babel-node test.js`
14 verbose stack Exit status 1
14 verbose stack     at EventEmitter.<anonymous> (/Users/ousakai/.nvm/versions/node/v7.2.0/lib/node_modules/npm/lib/utils/lifecycle.js:279:16)
14 verbose stack     at emitTwo (events.js:106:13)
14 verbose stack     at EventEmitter.emit (events.js:191:7)
14 verbose stack     at ChildProcess.<anonymous> (/Users/ousakai/.nvm/versions/node/v7.2.0/lib/node_modules/npm/lib/utils/spawn.js:40:14)
14 verbose stack     at emitTwo (events.js:106:13)
14 verbose stack     at ChildProcess.emit (events.js:191:7)
14 verbose stack     at maybeClose (internal/child_process.js:885:16)
14 verbose stack     at Process.ChildProcess._handle.onexit (internal/child_process.js:226:5)
15 verbose pkgid koa2-file-upload@0.1.17
16 verbose cwd /Users/ousakai/Develop/file-upload
17 error Darwin 16.6.0
18 error argv "/Users/ousakai/.nvm/versions/node/v7.2.0/bin/node" "/Users/ousakai/.nvm/versions/node/v7.2.0/bin/npm" "run" "test"
19 error node v7.2.0
20 error npm  v4.0.5
21 error code ELIFECYCLE
22 error koa2-file-upload@0.1.17 test: `babel-node test.js`
22 error Exit status 1
23 error Failed at the koa2-file-upload@0.1.17 test script 'babel-node test.js'.
23 error Make sure you have the latest version of node.js and npm installed.
23 error If you do, this is most likely a problem with the koa2-file-upload package,
23 error not with npm itself.
23 error Tell the author that this fails on your system:
23 error     babel-node test.js
23 error You can get information on how to open an issue for this project with:
23 error     npm bugs koa2-file-upload
23 error Or if that isn't available, you can get their info via:
23 error     npm owner ls koa2-file-upload
23 error There is likely additional logging output above.
24 verbose exit [ 1, true ]
